#
# A fatal error has been detected by the Java Runtime Environment:
#
#  SIGSEGV (0xb) at pc=0x000000012686080e, pid=99598, tid=21511
#
# JRE version: Java(TM) SE Runtime Environment (8.0_20-b26) (build 1.8.0_20-b26)
# Java VM: Java HotSpot(TM) 64-Bit Server VM (25.20-b23 mixed mode bsd-amd64 compressed oops)
# Problematic frame:
# C  [libMaliciousOTExtension.dylib+0xc80e]  _ZN21Mal_OTExtensionSender10MaskInputsER10CBitVectorPS0_S2_ii+0x5cc
#
# Failed to write core dump. Core dumps have been disabled. To enable core dumping, try "ulimit -c unlimited" before starting Java again
#
# If you would like to submit a bug report, please visit:
#   http://bugreport.sun.com/bugreport/crash.jsp
#

---------------  T H R E A D  ---------------

Current thread is native thread

siginfo: si_signo: 11 (SIGSEGV), si_code: 1 (SEGV_MAPERR), si_addr: 0x0000000000000000

Registers:
RAX=0x0000000000000000, RBX=0x0000000000000018, RCX=0x0000000000000008, RDX=0x00007fd00c85dbc0
RSP=0x0000000126ca9b90, RBP=0x0000000126ca9d50, RSI=0x0000000126ca9bc0, RDI=0x00007fd00c85dbb0
R8 =0x4a58a39af32edc5f, R9 =0x00000000780625da, R10=0x0000000063764177, R11=0x00007fcee5bb3ff0
R12=0x00007fd00ab0e280, R13=0x00007fd00ab0e230, R14=0x00007fd00a93c120, R15=0x00000001268616f5
RIP=0x000000012686080e, EFLAGS=0x0000000000010202, ERR=0x0000000000000004
  TRAPNO=0x000000000000000e

Top of Stack: (sp=0x0000000126ca9b90)
0x0000000126ca9b90:   00007fd00ab0e280 00000000000002bc
0x0000000126ca9ba0:   00007fd00ab0e230 00007fd00ab0e1e0
0x0000000126ca9bb0:   0000000126ca9da0 00007fd008c328b0
0x0000000126ca9bc0:   9b284ec062549aa5 4a58a39af32edc5f
0x0000000126ca9bd0:   da250678a5a25fac 425f236377417663
0x0000000126ca9be0:   00007fd00ab0d940 0000000000000020
0x0000000126ca9bf0:   0000000000000000 00000001000fc080
0x0000000126ca9c00:   0000000100000020 00007fff8f78534f
0x0000000126ca9c10:   c04e289ba59a5462 9aa3584a5fdc2ef3
0x0000000126ca9c20:   780625daac5fa2a5 63235f4263764177
0x0000000126ca9c30:   00000000000000e0 0000000000000000
0x0000000126ca9c40:   0000000000000000 0000000000000000
0x0000000126ca9c50:   0000000000000000 0000000000000000
0x0000000126ca9c60:   0000000000000000 0000000000000000
0x0000000126ca9c70:   0000000000000000 0000002000000000
0x0000000126ca9c80:   bb67ae856a09e667 a54ff53a3c6ef372
0x0000000126ca9c90:   9b05688c510e527f 5be0cd191f83d9ab
0x0000000126ca9ca0:   0000000000000020 00000000000002bb
0x0000000126ca9cb0:   0000000000000000 0000000000000000
0x0000000126ca9cc0:   0000000000000000 0000000000000000
0x0000000126ca9cd0:   0000000000000000 0000000000000000
0x0000000126ca9ce0:   0000000000000000 0000002000000004
0x0000000126ca9cf0:   ffffffff00000000 000002bcffffffff
0x0000000126ca9d00:   00007fd00ab075b0 00007fd00ab0d940
0x0000000126ca9d10:   00007fd00c85e000 0000000000000000
0x0000000126ca9d20:   0000001800000020 0000000000000004
0x0000000126ca9d30:   000002bc00000002 000000be00000002
0x0000000126ca9d40:   0000000000004740 00007fd00ab0e280
0x0000000126ca9d50:   0000000126ca9ea0 000000012685fbc7
0x0000000126ca9d60:   00000000000002bc 00007fd008c328b0
0x0000000126ca9d70:   00007fd00c853800 0000000000004740
0x0000000126ca9d80:   0000000000000000 0000000100000000 

Instructions: (pc=0x000000012686080e)
0x00000001268607ee:   89 c7 ff d3 e9 c4 00 00 00 c7 45 dc 00 00 00 00
0x00000001268607fe:   e9 96 00 00 00 48 8b 85 68 fe ff ff 48 8b 40 58
0x000000012686080e:   48 8b 00 48 83 c0 10 48 8b 18 48 8b 85 68 fe ff
0x000000012686081e:   ff 44 8b 60 0c 8b 45 dc 48 63 d0 48 89 d0 48 c1 

Register to memory mapping:

RAX=0x0000000000000000 is an unknown value
RBX=0x0000000000000018 is an unknown value
RCX=0x0000000000000008 is an unknown value
RDX=0x00007fd00c85dbc0 is an unknown value
RSP=0x0000000126ca9b90 is an unknown value
RBP=0x0000000126ca9d50 is an unknown value
RSI=0x0000000126ca9bc0 is an unknown value
RDI=0x00007fd00c85dbb0 is an unknown value
R8 =0x4a58a39af32edc5f is an unknown value
R9 =0x00000000780625da is an unknown value
R10=0x0000000063764177 is an unknown value
R11=0x00007fcee5bb3ff0 is an unknown value
R12=0x00007fd00ab0e280 is an unknown value
R13=0x00007fd00ab0e230 is an unknown value
R14=0x00007fd00a93c120 is an unknown value
R15=0x00000001268616f5: _ZN7CThread17ThreadMainHandlerEPv+0 in /usr/lib/scapi//libMaliciousOTExtension.dylib at 0x0000000126854000


Stack: [0x0000000126c2a000,0x0000000126caa000],  sp=0x0000000126ca9b90,  free space=510k
Native frames: (J=compiled Java code, j=interpreted, Vv=VM code, C=native code)
C  [libMaliciousOTExtension.dylib+0xc80e]  _ZN21Mal_OTExtensionSender10MaskInputsER10CBitVectorPS0_S2_ii+0x5cc
C  [libMaliciousOTExtension.dylib+0xbbc7]  _ZN21Mal_OTExtensionSender15OTSenderRoutineEii+0x4eb
C  [libMaliciousOTExtension.dylib+0xd900]  _ZN21Mal_OTExtensionSender14OTSenderThread10ThreadMainEv+0x2c
C  [libMaliciousOTExtension.dylib+0xd720]  _ZN7CThread17ThreadMainHandlerEPv+0x2b
C  [libsystem_pthread.dylib+0x32fc]  _pthread_body+0x83
C  [libsystem_pthread.dylib+0x3279]  _pthread_body+0x0
C  [libsystem_pthread.dylib+0x14b1]  thread_start+0xd


---------------  P R O C E S S  ---------------

VM state:not at safepoint (normal execution)

VM Mutex/Monitor currently owned by a thread: None

Heap:
 PSYoungGen      total 76288K, used 10573K [0x000000076ab00000, 0x0000000770000000, 0x00000007c0000000)
  eden space 65536K, 16% used [0x000000076ab00000,0x000000076b553638,0x000000076eb00000)
  from space 10752K, 0% used [0x000000076f580000,0x000000076f580000,0x0000000770000000)
  to   space 10752K, 0% used [0x000000076eb00000,0x000000076eb00000,0x000000076f580000)
 ParOldGen       total 175104K, used 0K [0x00000006c0000000, 0x00000006cab00000, 0x000000076ab00000)
  object space 175104K, 0% used [0x00000006c0000000,0x00000006c0000000,0x00000006cab00000)
 Metaspace       used 3148K, capacity 4500K, committed 4864K, reserved 1056768K
  class space    used 345K, capacity 392K, committed 512K, reserved 1048576K

Card table byte_map: [0x0000000117f20000,0x0000000118721000] byte_map_base: 0x0000000114920000

Marking Bits: (ParMarkBitMap*) 0x000000010849c330
 Begin Bits: [0x000000011948f000, 0x000000011d48f000)
 End Bits:   [0x000000011d48f000, 0x000000012148f000)

Polling page: 0x0000000106bfd000

CodeCache: size=245760Kb used=1356Kb max_used=1372Kb free=244403Kb
 bounds [0x0000000108b60000, 0x0000000108dd0000, 0x0000000117b60000]
 total_blobs=377 nmethods=123 adapters=169
 compilation: enabled

Compilation events (10 events):
Event: 0.866 Thread 0x00007fd00b856000  121       4       java.io.FileInputStream::read (8 bytes)
Event: 0.866 Thread 0x00007fd00b856000 nmethod 121 0x0000000108ca8610 code [0x0000000108ca8760, 0x0000000108ca87e8]
Event: 0.866 Thread 0x00007fd00b856000  104  s    4       sun.security.provider.SecureRandom::engineNextBytes (242 bytes)
Event: 0.871 Thread 0x00007fd00c810000 nmethod 118 0x0000000108caedd0 code [0x0000000108caef80, 0x0000000108caf688]
Event: 0.878 Thread 0x00007fd00c810000  122 %     4       SenderMain::buildRandomInput @ 20 (42 bytes)
Event: 0.879 Thread 0x00007fd00b84e000 nmethod 109 0x0000000108cb3290 code [0x0000000108cb3500, 0x0000000108cb53e0]
Event: 0.880 Thread 0x00007fd00c810000 nmethod 122% 0x0000000108ca8210 code [0x0000000108ca8360, 0x0000000108ca84e8]
Event: 0.883 Thread 0x00007fd00b84e000  123       4       SenderMain::buildRandomInput (42 bytes)
Event: 0.887 Thread 0x00007fd00b84e000 nmethod 123 0x0000000108ca2a50 code [0x0000000108ca2c00, 0x0000000108ca2f70]
Event: 0.892 Thread 0x00007fd00b856000 nmethod 104 0x0000000108cb7890 code [0x0000000108cb7ac0, 0x0000000108cb8f90]

GC Heap History (0 events):
No events

Deoptimization events (0 events):
No events

Internal exceptions (10 events):
Event: 0.069 Thread 0x00007fd009009800 Exception <a 'java/security/PrivilegedActionException'> (0x000000076aba40b0) thrown at [/HUDSON3/workspace/8-2-build-macosx-x86_64/jdk8u20/1074/hotspot/src/share/vm/prims/jvm.cpp, line 1275]
Event: 0.069 Thread 0x00007fd009009800 Exception <a 'java/security/PrivilegedActionException'> (0x000000076aba9738) thrown at [/HUDSON3/workspace/8-2-build-macosx-x86_64/jdk8u20/1074/hotspot/src/share/vm/prims/jvm.cpp, line 1275]
Event: 0.069 Thread 0x00007fd009009800 Exception <a 'java/security/PrivilegedActionException'> (0x000000076abac360) thrown at [/HUDSON3/workspace/8-2-build-macosx-x86_64/jdk8u20/1074/hotspot/src/share/vm/prims/jvm.cpp, line 1275]
Event: 0.070 Thread 0x00007fd009009800 Exception <a 'java/security/PrivilegedActionException'> (0x000000076abaecd0) thrown at [/HUDSON3/workspace/8-2-build-macosx-x86_64/jdk8u20/1074/hotspot/src/share/vm/prims/jvm.cpp, line 1275]
Event: 0.070 Thread 0x00007fd009009800 Exception <a 'java/security/PrivilegedActionException'> (0x000000076abb1918) thrown at [/HUDSON3/workspace/8-2-build-macosx-x86_64/jdk8u20/1074/hotspot/src/share/vm/prims/jvm.cpp, line 1275]
Event: 0.070 Thread 0x00007fd009009800 Exception <a 'java/security/PrivilegedActionException'> (0x000000076abb49a0) thrown at [/HUDSON3/workspace/8-2-build-macosx-x86_64/jdk8u20/1074/hotspot/src/share/vm/prims/jvm.cpp, line 1275]
Event: 0.071 Thread 0x00007fd009009800 Exception <a 'java/security/PrivilegedActionException'> (0x000000076abb79d8) thrown at [/HUDSON3/workspace/8-2-build-macosx-x86_64/jdk8u20/1074/hotspot/src/share/vm/prims/jvm.cpp, line 1275]
Event: 0.071 Thread 0x00007fd009009800 Exception <a 'java/security/PrivilegedActionException'> (0x000000076abbab90) thrown at [/HUDSON3/workspace/8-2-build-macosx-x86_64/jdk8u20/1074/hotspot/src/share/vm/prims/jvm.cpp, line 1275]
Event: 0.072 Thread 0x00007fd009009800 Exception <a 'java/security/PrivilegedActionException'> (0x000000076abbe538) thrown at [/HUDSON3/workspace/8-2-build-macosx-x86_64/jdk8u20/1074/hotspot/src/share/vm/prims/jvm.cpp, line 1275]
Event: 0.923 Thread 0x00007fd009009800 Exception <a 'java/security/PrivilegedActionException'> (0x000000076b432a08) thrown at [/HUDSON3/workspace/8-2-build-macosx-x86_64/jdk8u20/1074/hotspot/src/share/vm/prims/jvm.cpp, line 1275]

Events (10 events):
Event: 0.851 Thread 0x00007fd009009800 DEOPT PACKING pc=0x0000000108c94f8a sp=0x0000000106bec560
Event: 0.851 Thread 0x00007fd009009800 DEOPT UNPACKING pc=0x0000000108ba7373 sp=0x0000000106bec280 mode 0
Event: 0.851 Thread 0x00007fd009009800 DEOPT PACKING pc=0x0000000108c94f8a sp=0x0000000106bec560
Event: 0.851 Thread 0x00007fd009009800 DEOPT UNPACKING pc=0x0000000108ba7373 sp=0x0000000106bec280 mode 0
Event: 0.852 Thread 0x00007fd009009800 DEOPT PACKING pc=0x0000000108c94f8a sp=0x0000000106bec560
Event: 0.852 Thread 0x00007fd009009800 DEOPT UNPACKING pc=0x0000000108ba7373 sp=0x0000000106bec280 mode 0
Event: 0.883 Thread 0x00007fd009009800 DEOPT PACKING pc=0x0000000108ca0502 sp=0x0000000106bec830
Event: 0.883 Thread 0x00007fd009009800 DEOPT UNPACKING pc=0x0000000108ba7373 sp=0x0000000106bec598 mode 0
Event: 0.923 loading class edu/biu/scapi/interactiveMidProtocols/ot/otBatch/otExtension/OTExtensionGeneralSInput
Event: 0.923 loading class edu/biu/scapi/interactiveMidProtocols/ot/otBatch/otExtension/OTExtensionGeneralSInput done


Dynamic libraries:
0x000000000579c000 	/System/Library/Frameworks/Cocoa.framework/Versions/A/Cocoa
0x000000000579c000 	/System/Library/Frameworks/Security.framework/Versions/A/Security
0x000000000579c000 	/System/Library/Frameworks/ApplicationServices.framework/Versions/A/ApplicationServices
0x000000000579c000 	/usr/lib/libz.1.dylib
0x000000000579c000 	/usr/lib/libSystem.B.dylib
0x000000000579c000 	/usr/lib/libobjc.A.dylib
0x000000000579c000 	/System/Library/Frameworks/CoreFoundation.framework/Versions/A/CoreFoundation
0x000000000579c000 	/System/Library/Frameworks/Foundation.framework/Versions/C/Foundation
0x000000000579c000 	/System/Library/Frameworks/AppKit.framework/Versions/C/AppKit
0x000000000579c000 	/System/Library/Frameworks/CoreData.framework/Versions/A/CoreData
0x000000000579c000 	/System/Library/PrivateFrameworks/RemoteViewServices.framework/Versions/A/RemoteViewServices
0x000000000579c000 	/System/Library/PrivateFrameworks/UIFoundation.framework/Versions/A/UIFoundation
0x000000000579c000 	/System/Library/Frameworks/IOSurface.framework/Versions/A/IOSurface
0x000000000579c000 	/System/Library/Frameworks/AudioToolbox.framework/Versions/A/AudioToolbox
0x000000000579c000 	/System/Library/Frameworks/AudioUnit.framework/Versions/A/AudioUnit
0x000000000579c000 	/System/Library/PrivateFrameworks/DataDetectorsCore.framework/Versions/A/DataDetectorsCore
0x000000000579c000 	/System/Library/PrivateFrameworks/DesktopServicesPriv.framework/Versions/A/DesktopServicesPriv
0x000000000579c000 	/System/Library/Frameworks/Carbon.framework/Versions/A/Frameworks/HIToolbox.framework/Versions/A/HIToolbox
0x000000000579c000 	/System/Library/Frameworks/QuartzCore.framework/Versions/A/QuartzCore
0x000000000579c000 	/System/Library/Frameworks/Carbon.framework/Versions/A/Frameworks/SpeechRecognition.framework/Versions/A/SpeechRecognition
0x000000000579c000 	/usr/lib/libauto.dylib
0x000000000579c000 	/usr/lib/libicucore.A.dylib
0x000000000579c000 	/usr/lib/libxml2.2.dylib
0x000000000579c000 	/System/Library/PrivateFrameworks/CoreUI.framework/Versions/A/CoreUI
0x000000000579c000 	/System/Library/Frameworks/CoreAudio.framework/Versions/A/CoreAudio
0x000000000579c000 	/System/Library/Frameworks/DiskArbitration.framework/Versions/A/DiskArbitration
0x000000000579c000 	/usr/lib/liblangid.dylib
0x000000000579c000 	/System/Library/PrivateFrameworks/MultitouchSupport.framework/Versions/A/MultitouchSupport
0x000000000579c000 	/System/Library/Frameworks/IOKit.framework/Versions/A/IOKit
0x000000000579c000 	/usr/lib/libDiagnosticMessagesClient.dylib
0x000000000579c000 	/System/Library/Frameworks/CoreServices.framework/Versions/A/CoreServices
0x000000000579c000 	/System/Library/PrivateFrameworks/PerformanceAnalysis.framework/Versions/A/PerformanceAnalysis
0x000000000579c000 	/System/Library/PrivateFrameworks/GenerationalStorage.framework/Versions/A/GenerationalStorage
0x000000000579c000 	/System/Library/Frameworks/OpenGL.framework/Versions/A/OpenGL
0x000000000579c000 	/System/Library/PrivateFrameworks/Sharing.framework/Versions/A/Sharing
0x000000000579c000 	/System/Library/Frameworks/CoreGraphics.framework/Versions/A/CoreGraphics
0x000000000579c000 	/System/Library/Frameworks/CoreText.framework/Versions/A/CoreText
0x000000000579c000 	/System/Library/Frameworks/ImageIO.framework/Versions/A/ImageIO
0x000000000579c000 	/usr/lib/libextension.dylib
0x000000000579c000 	/System/Library/PrivateFrameworks/Backup.framework/Versions/A/Backup
0x000000000579c000 	/usr/lib/libarchive.2.dylib
0x000000000579c000 	/System/Library/Frameworks/CFNetwork.framework/Versions/A/CFNetwork
0x000000000579c000 	/System/Library/Frameworks/SystemConfiguration.framework/Versions/A/SystemConfiguration
0x000000000579c000 	/usr/lib/libCRFSuite.dylib
0x000000000579c000 	/usr/lib/libc++.1.dylib
0x000000000579c000 	/usr/lib/libc++abi.dylib
0x000000000579c000 	/usr/lib/system/libcache.dylib
0x000000000579c000 	/usr/lib/system/libcommonCrypto.dylib
0x000000000579c000 	/usr/lib/system/libcompiler_rt.dylib
0x000000000579c000 	/usr/lib/system/libcopyfile.dylib
0x000000000579c000 	/usr/lib/system/libcorecrypto.dylib
0x000000000579c000 	/usr/lib/system/libdispatch.dylib
0x000000000579c000 	/usr/lib/system/libdyld.dylib
0x000000000579c000 	/usr/lib/system/libkeymgr.dylib
0x000000000579c000 	/usr/lib/system/liblaunch.dylib
0x000000000579c000 	/usr/lib/system/libmacho.dylib
0x000000000579c000 	/usr/lib/system/libquarantine.dylib
0x000000000579c000 	/usr/lib/system/libremovefile.dylib
0x000000000579c000 	/usr/lib/system/libsystem_asl.dylib
0x000000000579c000 	/usr/lib/system/libsystem_blocks.dylib
0x000000000579c000 	/usr/lib/system/libsystem_c.dylib
0x000000000579c000 	/usr/lib/system/libsystem_configuration.dylib
0x000000000579c000 	/usr/lib/system/libsystem_coreservices.dylib
0x000000000579c000 	/usr/lib/system/libsystem_coretls.dylib
0x000000000579c000 	/usr/lib/system/libsystem_dnssd.dylib
0x000000000579c000 	/usr/lib/system/libsystem_info.dylib
0x000000000579c000 	/usr/lib/system/libsystem_kernel.dylib
0x000000000579c000 	/usr/lib/system/libsystem_m.dylib
0x000000000579c000 	/usr/lib/system/libsystem_malloc.dylib
0x000000000579c000 	/usr/lib/system/libsystem_network.dylib
0x000000000579c000 	/usr/lib/system/libsystem_networkextension.dylib
0x000000000579c000 	/usr/lib/system/libsystem_notify.dylib
0x000000000579c000 	/usr/lib/system/libsystem_platform.dylib
0x000000000579c000 	/usr/lib/system/libsystem_pthread.dylib
0x000000000579c000 	/usr/lib/system/libsystem_sandbox.dylib
0x000000000579c000 	/usr/lib/system/libsystem_secinit.dylib
0x000000000579c000 	/usr/lib/system/libsystem_stats.dylib
0x000000000579c000 	/usr/lib/system/libsystem_trace.dylib
0x000000000579c000 	/usr/lib/system/libunc.dylib
0x000000000579c000 	/usr/lib/system/libunwind.dylib
0x000000000579c000 	/usr/lib/system/libxpc.dylib
0x000000000579c000 	/usr/lib/libbz2.1.0.dylib
0x000000000579c000 	/usr/lib/liblzma.5.dylib
0x000000000579c000 	/usr/lib/libbsm.0.dylib
0x000000000579c000 	/usr/lib/libsqlite3.dylib
0x000000000579c000 	/usr/lib/system/libkxld.dylib
0x000000000579c000 	/usr/lib/libxar.1.dylib
0x000000000579c000 	/usr/lib/libpam.2.dylib
0x000000000579c000 	/usr/lib/libOpenScriptingUtil.dylib
0x000000000579c000 	/System/Library/Frameworks/CoreServices.framework/Versions/A/Frameworks/FSEvents.framework/Versions/A/FSEvents
0x000000000579c000 	/System/Library/Frameworks/CoreServices.framework/Versions/A/Frameworks/CarbonCore.framework/Versions/A/CarbonCore
0x000000000579c000 	/System/Library/Frameworks/CoreServices.framework/Versions/A/Frameworks/Metadata.framework/Versions/A/Metadata
0x000000000579c000 	/System/Library/Frameworks/CoreServices.framework/Versions/A/Frameworks/OSServices.framework/Versions/A/OSServices
0x000000000579c000 	/System/Library/Frameworks/CoreServices.framework/Versions/A/Frameworks/SearchKit.framework/Versions/A/SearchKit
0x000000000579c000 	/System/Library/Frameworks/CoreServices.framework/Versions/A/Frameworks/AE.framework/Versions/A/AE
0x000000000579c000 	/System/Library/Frameworks/CoreServices.framework/Versions/A/Frameworks/LaunchServices.framework/Versions/A/LaunchServices
0x000000000579c000 	/System/Library/Frameworks/CoreServices.framework/Versions/A/Frameworks/DictionaryServices.framework/Versions/A/DictionaryServices
0x000000000579c000 	/System/Library/Frameworks/NetFS.framework/Versions/A/NetFS
0x000000000579c000 	/System/Library/PrivateFrameworks/NetAuth.framework/Versions/A/NetAuth
0x000000000579c000 	/System/Library/PrivateFrameworks/login.framework/Versions/A/Frameworks/loginsupport.framework/Versions/A/loginsupport
0x000000000579c000 	/System/Library/PrivateFrameworks/TCC.framework/Versions/A/TCC
0x000000000579c000 	/usr/lib/libmecabra.dylib
0x000000000579c000 	/System/Library/PrivateFrameworks/LanguageModeling.framework/Versions/A/LanguageModeling
0x000000000579c000 	/usr/lib/libcmph.dylib
0x000000000579c000 	/usr/lib/libiconv.2.dylib
0x000000000579c000 	/System/Library/Frameworks/OpenDirectory.framework/Versions/A/Frameworks/CFOpenDirectory.framework/Versions/A/CFOpenDirectory
0x000000000579c000 	/System/Library/Frameworks/ServiceManagement.framework/Versions/A/ServiceManagement
0x000000000579c000 	/usr/lib/libxslt.1.dylib
0x000000000579c000 	/System/Library/Frameworks/Carbon.framework/Versions/A/Frameworks/Ink.framework/Versions/A/Ink
0x000000000579c000 	/System/Library/Frameworks/ApplicationServices.framework/Versions/A/Frameworks/ATS.framework/Versions/A/ATS
0x000000000579c000 	/System/Library/Frameworks/ApplicationServices.framework/Versions/A/Frameworks/ColorSync.framework/Versions/A/ColorSync
0x000000000579c000 	/System/Library/Frameworks/ApplicationServices.framework/Versions/A/Frameworks/HIServices.framework/Versions/A/HIServices
0x000000000579c000 	/System/Library/Frameworks/ApplicationServices.framework/Versions/A/Frameworks/LangAnalysis.framework/Versions/A/LangAnalysis
0x000000000579c000 	/System/Library/Frameworks/ApplicationServices.framework/Versions/A/Frameworks/PrintCore.framework/Versions/A/PrintCore
0x000000000579c000 	/System/Library/Frameworks/ApplicationServices.framework/Versions/A/Frameworks/QD.framework/Versions/A/QD
0x000000000579c000 	/System/Library/Frameworks/ApplicationServices.framework/Versions/A/Frameworks/SpeechSynthesis.framework/Versions/A/SpeechSynthesis
0x000000000579c000 	/System/Library/Frameworks/Accelerate.framework/Versions/A/Accelerate
0x000000000579c000 	/System/Library/Frameworks/Accelerate.framework/Versions/A/Frameworks/vImage.framework/Versions/A/vImage
0x000000000579c000 	/System/Library/Frameworks/Accelerate.framework/Versions/A/Frameworks/vecLib.framework/Versions/A/vecLib
0x000000000579c000 	/System/Library/Frameworks/Accelerate.framework/Versions/A/Frameworks/vecLib.framework/Versions/A/libvDSP.dylib
0x000000000579c000 	/System/Library/Frameworks/Accelerate.framework/Versions/A/Frameworks/vecLib.framework/Versions/A/libvMisc.dylib
0x000000000579c000 	/System/Library/Frameworks/Accelerate.framework/Versions/A/Frameworks/vecLib.framework/Versions/A/libLAPACK.dylib
0x000000000579c000 	/System/Library/Frameworks/Accelerate.framework/Versions/A/Frameworks/vecLib.framework/Versions/A/libBLAS.dylib
0x000000000579c000 	/System/Library/Frameworks/Accelerate.framework/Versions/A/Frameworks/vecLib.framework/Versions/A/libLinearAlgebra.dylib
0x000000000579c000 	/System/Library/Frameworks/ApplicationServices.framework/Versions/A/Frameworks/ATS.framework/Versions/A/Resources/libFontParser.dylib
0x000000000579c000 	/System/Library/Frameworks/ApplicationServices.framework/Versions/A/Frameworks/ATS.framework/Versions/A/Resources/libFontRegistry.dylib
0x000000000579c000 	/System/Library/PrivateFrameworks/AppleVPA.framework/Versions/A/AppleVPA
0x000000000579c000 	/System/Library/PrivateFrameworks/AppleJPEG.framework/Versions/A/AppleJPEG
0x000000000579c000 	/System/Library/Frameworks/ImageIO.framework/Versions/A/Resources/libJPEG.dylib
0x000000000579c000 	/System/Library/Frameworks/ImageIO.framework/Versions/A/Resources/libTIFF.dylib
0x000000000579c000 	/System/Library/Frameworks/ImageIO.framework/Versions/A/Resources/libPng.dylib
0x000000000579c000 	/System/Library/Frameworks/ImageIO.framework/Versions/A/Resources/libGIF.dylib
0x000000000579c000 	/System/Library/Frameworks/ImageIO.framework/Versions/A/Resources/libJP2.dylib
0x000000000579c000 	/System/Library/Frameworks/ImageIO.framework/Versions/A/Resources/libRadiance.dylib
0x000000000579c000 	/System/Library/Frameworks/CoreVideo.framework/Versions/A/CoreVideo
0x000000000579c000 	/System/Library/Frameworks/OpenGL.framework/Versions/A/Libraries/libGLU.dylib
0x000000000579c000 	/System/Library/Frameworks/OpenGL.framework/Versions/A/Libraries/libGFXShared.dylib
0x000000000579c000 	/System/Library/Frameworks/OpenGL.framework/Versions/A/Libraries/libGL.dylib
0x000000000579c000 	/System/Library/Frameworks/OpenGL.framework/Versions/A/Libraries/libGLImage.dylib
0x000000000579c000 	/System/Library/Frameworks/OpenGL.framework/Versions/A/Libraries/libCVMSPluginSupport.dylib
0x000000000579c000 	/System/Library/Frameworks/OpenGL.framework/Versions/A/Libraries/libCoreVMClient.dylib
0x000000000579c000 	/usr/lib/libcups.2.dylib
0x000000000579c000 	/System/Library/Frameworks/Kerberos.framework/Versions/A/Kerberos
0x000000000579c000 	/System/Library/Frameworks/GSS.framework/Versions/A/GSS
0x000000000579c000 	/usr/lib/libresolv.9.dylib
0x000000000579c000 	/System/Library/PrivateFrameworks/Heimdal.framework/Versions/A/Heimdal
0x000000000579c000 	/usr/lib/libheimdal-asn1.dylib
0x000000000579c000 	/System/Library/Frameworks/OpenDirectory.framework/Versions/A/OpenDirectory
0x000000000579c000 	/System/Library/PrivateFrameworks/CommonAuth.framework/Versions/A/CommonAuth
0x000000000579c000 	/System/Library/Frameworks/SecurityFoundation.framework/Versions/A/SecurityFoundation
0x000000000579c000 	/System/Library/Frameworks/QuartzCore.framework/Versions/A/Frameworks/CoreImage.framework/Versions/A/CoreImage
0x000000000579c000 	/System/Library/PrivateFrameworks/CrashReporterSupport.framework/Versions/A/CrashReporterSupport
0x000000000579c000 	/System/Library/Frameworks/OpenCL.framework/Versions/A/OpenCL
0x000000000579c000 	/System/Library/PrivateFrameworks/FaceCore.framework/Versions/A/FaceCore
0x000000000579c000 	/System/Library/PrivateFrameworks/Ubiquity.framework/Versions/A/Ubiquity
0x000000000579c000 	/System/Library/PrivateFrameworks/IconServices.framework/Versions/A/IconServices
0x000000000579c000 	/System/Library/PrivateFrameworks/ChunkingLibrary.framework/Versions/A/ChunkingLibrary
0x000000000579c000 	/System/Library/PrivateFrameworks/Apple80211.framework/Versions/A/Apple80211
0x000000000579c000 	/System/Library/Frameworks/CoreWLAN.framework/Versions/A/CoreWLAN
0x000000000579c000 	/System/Library/Frameworks/IOBluetooth.framework/Versions/A/IOBluetooth
0x000000000579c000 	/System/Library/PrivateFrameworks/CoreWiFi.framework/Versions/A/CoreWiFi
0x000000000579c000 	/System/Library/Frameworks/CoreBluetooth.framework/Versions/A/CoreBluetooth
0x000000000579c000 	/System/Library/PrivateFrameworks/DebugSymbols.framework/Versions/A/DebugSymbols
0x000000000579c000 	/System/Library/PrivateFrameworks/CoreSymbolication.framework/Versions/A/CoreSymbolication
0x000000000579c000 	/System/Library/PrivateFrameworks/Symbolication.framework/Versions/A/Symbolication
0x000000000579c000 	/System/Library/PrivateFrameworks/SpeechRecognitionCore.framework/Versions/A/SpeechRecognitionCore
0x0000000107c00000 	/Library/Java/JavaVirtualMachines/jdk1.8.0_20.jdk/Contents/Home/jre/lib/server/libjvm.dylib
0x000000000579c000 	/usr/lib/libstdc++.6.dylib
0x0000000106bef000 	/Library/Java/JavaVirtualMachines/jdk1.8.0_20.jdk/Contents/Home/jre/lib/libverify.dylib
0x0000000108b1b000 	/Library/Java/JavaVirtualMachines/jdk1.8.0_20.jdk/Contents/Home/jre/lib/libjava.dylib
0x0000000108b57000 	/Library/Java/JavaVirtualMachines/jdk1.8.0_20.jdk/Contents/Home/jre/lib/libzip.dylib
0x0000000124733000 	/System/Library/Frameworks/JavaVM.framework/Frameworks/JavaRuntimeSupport.framework/JavaRuntimeSupport
0x0000000124749000 	/System/Library/Frameworks/JavaVM.framework/Versions/A/Frameworks/JavaNativeFoundation.framework/Versions/A/JavaNativeFoundation
0x000000012475d000 	/System/Library/Frameworks/JavaVM.framework/Versions/A/JavaVM
0x000000000579c000 	/System/Library/Frameworks/Carbon.framework/Versions/A/Carbon
0x0000000124769000 	/System/Library/PrivateFrameworks/JavaLaunching.framework/Versions/A/JavaLaunching
0x000000000579c000 	/System/Library/Frameworks/Carbon.framework/Versions/A/Frameworks/CommonPanels.framework/Versions/A/CommonPanels
0x000000000579c000 	/System/Library/Frameworks/Carbon.framework/Versions/A/Frameworks/Help.framework/Versions/A/Help
0x000000000579c000 	/System/Library/Frameworks/Carbon.framework/Versions/A/Frameworks/ImageCapture.framework/Versions/A/ImageCapture
0x000000000579c000 	/System/Library/Frameworks/Carbon.framework/Versions/A/Frameworks/OpenScripting.framework/Versions/A/OpenScripting
0x000000000579c000 	/System/Library/Frameworks/Carbon.framework/Versions/A/Frameworks/Print.framework/Versions/A/Print
0x000000000579c000 	/System/Library/Frameworks/Carbon.framework/Versions/A/Frameworks/SecurityHI.framework/Versions/A/SecurityHI
0x0000000126609000 	/usr/lib/scapi//libMaliciousOtExtensionJavaInterface.jnilib
0x0000000126628000 	/usr/ssl/lib/libssl.1.1.0.dylib
0x000000012668e000 	/usr/ssl/lib/libcrypto.1.1.0.dylib
0x0000000126854000 	/usr/lib/scapi//libMaliciousOTExtension.dylib
0x0000000126a93000 	/usr/local/Cellar/gcc49/4.9.1/lib/gcc/x86_64-apple-darwin13.3.0/4.9.1/libgcc_s.1.dylib

VM Arguments:
jvm_args: -Dfile.encoding=UTF-8 
java_command: SenderMain
java_class_path (initial): /Users/asafc/projects/OtExtensionMaliciousExample/bin:/Users/asafc/projects/scapi/build/scapi/classes:/Users/asafc/projects/scapi/bin:/Users/asafc/projects/scapi/assets/bcprov-jdk15on-150.jar:/Users/asafc/projects/scapi/assets/commons-exec-1.2.jar
Launcher Type: SUN_STANDARD

Environment Variables:
PATH=/usr/bin:/bin:/usr/sbin:/sbin
SHELL=/bin/bash
DISPLAY=/private/tmp/com.apple.launchd.NfsJsvDzwA/org.macosforge.xquartz:0
DYLD_LIBRARY_PATH=/usr/lib/scapi/:/Users/asafc/projects/scapi/install/lib/

Signal Handlers:
SIGSEGV: [libjvm.dylib+0x578fd7], sa_mask[0]=11111111011111110111111111111111, sa_flags=SA_ONSTACK|SA_RESTART|SA_SIGINFO
SIGBUS: [libjvm.dylib+0x578fd7], sa_mask[0]=11111111011111110111111111111111, sa_flags=SA_RESTART|SA_SIGINFO
SIGFPE: [libjvm.dylib+0x45ab0c], sa_mask[0]=11111111011111110111111111111111, sa_flags=SA_RESTART|SA_SIGINFO
SIGPIPE: [libjvm.dylib+0x45ab0c], sa_mask[0]=11111111011111110111111111111111, sa_flags=SA_RESTART|SA_SIGINFO
SIGXFSZ: [libjvm.dylib+0x45ab0c], sa_mask[0]=11111111011111110111111111111111, sa_flags=SA_RESTART|SA_SIGINFO
SIGILL: [libjvm.dylib+0x45ab0c], sa_mask[0]=11111111011111110111111111111111, sa_flags=SA_RESTART|SA_SIGINFO
SIGUSR1: SIG_DFL, sa_mask[0]=00000000000000000000000000000000, sa_flags=none
SIGUSR2: [libjvm.dylib+0x45a62a], sa_mask[0]=00100000000000000000000000000000, sa_flags=SA_RESTART|SA_SIGINFO
SIGHUP: [libjvm.dylib+0x458bfd], sa_mask[0]=11111111011111110111111111111111, sa_flags=SA_RESTART|SA_SIGINFO
SIGINT: [libjvm.dylib+0x458bfd], sa_mask[0]=11111111011111110111111111111111, sa_flags=SA_RESTART|SA_SIGINFO
SIGTERM: [libjvm.dylib+0x458bfd], sa_mask[0]=11111111011111110111111111111111, sa_flags=SA_RESTART|SA_SIGINFO
SIGQUIT: [libjvm.dylib+0x458bfd], sa_mask[0]=11111111011111110111111111111111, sa_flags=SA_RESTART|SA_SIGINFO


---------------  S Y S T E M  ---------------

OS:Bsduname:Darwin 14.0.0 Darwin Kernel Version 14.0.0: Fri Sep 19 00:26:44 PDT 2014; root:xnu-2782.1.97~2/RELEASE_X86_64 x86_64
rlimit: STACK 8192k, CORE 0k, NPROC 709, NOFILE 10240, AS infinity
load average:1.97 1.72 1.58

CPU:total 8 (4 cores per cpu, 2 threads per core) family 6 model 70 stepping 1, cmov, cx8, fxsr, mmx, sse, sse2, sse3, ssse3, sse4.1, sse4.2, popcnt, avx, avx2, aes, clmul, erms, lzcnt, ht, tsc, tscinvbit, bmi1, bmi2

Memory: 4k page, physical 16777216k(2128884k free)

/proc/meminfo:


vm_info: Java HotSpot(TM) 64-Bit Server VM (25.20-b23) for bsd-amd64 JRE (1.8.0_20-b26), built on Jul 30 2014 13:37:47 by "java_re" with gcc 4.2.1 (Based on Apple Inc. build 5658) (LLVM build 2336.9.00)

time: Mon Nov  3 18:33:11 2014
elapsed time: 0 seconds (0d 0h 0m 0s)

